The system is: Linux - 5.3.18-150300.59.60-default - x86_64
Compiling the C compiler identification source file "CMakeCCompilerId.c" succeeded.
Compiler: /usr/lib/hpc/compiler/gnu/7/bin/cc 
Build flags: 
Id flags:  

The output was:
0


Compilation of the C compiler identification source "CMakeCCompilerId.c" produced "a.out"

The C compiler identification is GNU, found in "/scratch/gpi/seis/HEX/GpuFit/Gpufit/Gpufit/CMakeFiles/3.17.0/CompilerIdC/a.out"

Compiling the CXX compiler identification source file "CMakeCXXCompilerId.cpp" succeeded.
Compiler: /usr/lib/hpc/compiler/gnu/7/bin/c++ 
Build flags: 
Id flags:  

The output was:
0


Compilation of the CXX compiler identification source "CMakeCXXCompilerId.cpp" produced "a.out"

The CXX compiler identification is GNU, found in "/scratch/gpi/seis/HEX/GpuFit/Gpufit/Gpufit/CMakeFiles/3.17.0/CompilerIdCXX/a.out"

Determining if the C compiler works passed with the following output:
Change Dir: /scratch/gpi/seis/HEX/GpuFit/Gpufit/Gpufit/CMakeFiles/CMakeTmp

Run Build Command(s):/usr/bin/gmake cmTC_e8877/fast && /usr/bin/gmake -f CMakeFiles/cmTC_e8877.dir/build.make CMakeFiles/cmTC_e8877.dir/build
gmake[1]: Entering directory '/scratch/gpi/seis/HEX/GpuFit/Gpufit/Gpufit/CMakeFiles/CMakeTmp'
Building C object CMakeFiles/cmTC_e8877.dir/testCCompiler.c.o
/usr/lib/hpc/compiler/gnu/7/bin/cc    -o CMakeFiles/cmTC_e8877.dir/testCCompiler.c.o   -c /scratch/gpi/seis/HEX/GpuFit/Gpufit/Gpufit/CMakeFiles/CMakeTmp/testCCompiler.c
Linking C executable cmTC_e8877
/usr/bin/cmake -E cmake_link_script CMakeFiles/cmTC_e8877.dir/link.txt --verbose=1
/usr/lib/hpc/compiler/gnu/7/bin/cc      -rdynamic CMakeFiles/cmTC_e8877.dir/testCCompiler.c.o  -o cmTC_e8877 
gmake[1]: Leaving directory '/scratch/gpi/seis/HEX/GpuFit/Gpufit/Gpufit/CMakeFiles/CMakeTmp'



Detecting C compiler ABI info compiled with the following output:
Change Dir: /scratch/gpi/seis/HEX/GpuFit/Gpufit/Gpufit/CMakeFiles/CMakeTmp

Run Build Command(s):/usr/bin/gmake cmTC_f5025/fast && /usr/bin/gmake -f CMakeFiles/cmTC_f5025.dir/build.make CMakeFiles/cmTC_f5025.dir/build
gmake[1]: Entering directory '/scratch/gpi/seis/HEX/GpuFit/Gpufit/Gpufit/CMakeFiles/CMakeTmp'
Building C object CMakeFiles/cmTC_f5025.dir/CMakeCCompilerABI.c.o
/usr/lib/hpc/compiler/gnu/7/bin/cc   -v -o CMakeFiles/cmTC_f5025.dir/CMakeCCompilerABI.c.o   -c /usr/share/cmake/Modules/CMakeCCompilerABI.c
Using built-in specs.
COLLECT_GCC=/usr/lib/hpc/compiler/gnu/7/bin/cc
OFFLOAD_TARGET_NAMES=hsa:nvptx-none
Target: x86_64-suse-linux
Configured with: ../configure --prefix=/usr --infodir=/usr/share/info --mandir=/usr/share/man --libdir=/usr/lib64 --libexecdir=/usr/lib64 --enable-languages=c,c++,objc,fortran,obj-c++,ada,go --enable-offload-targets=hsa,nvptx-none, --without-cuda-driver --enable-checking=release --disable-werror --with-gxx-include-dir=/usr/include/c++/7 --enable-ssp --disable-libssp --disable-libvtv --disable-libcc1 --disable-plugin --with-bugurl=https://bugs.opensuse.org/ --with-pkgversion='SUSE Linux' --with-slibdir=/lib64 --with-system-zlib --enable-libstdcxx-allocator=new --disable-libstdcxx-pch --enable-version-specific-runtime-libs --with-gcc-major-version-only --enable-linker-build-id --enable-linux-futex --enable-gnu-indirect-function --program-suffix=-7 --without-system-libunwind --enable-multilib --with-arch-32=x86-64 --with-tune=generic --build=x86_64-suse-linux --host=x86_64-suse-linux
Thread model: posix
gcc version 7.5.0 (SUSE Linux) 
COLLECT_GCC_OPTIONS='-v' '-o' 'CMakeFiles/cmTC_f5025.dir/CMakeCCompilerABI.c.o' '-c' '-mtune=generic' '-march=x86-64'
 /usr/lib64/gcc/x86_64-suse-linux/7/cc1 -quiet -v /usr/share/cmake/Modules/CMakeCCompilerABI.c -quiet -dumpbase CMakeCCompilerABI.c -mtune=generic -march=x86-64 -auxbase-strip CMakeFiles/cmTC_f5025.dir/CMakeCCompilerABI.c.o -version -o /tmp/ccKUA224.s
GNU C11 (SUSE Linux) version 7.5.0 (x86_64-suse-linux)
	compiled by GNU C version 7.5.0, GMP version 6.1.2, MPFR version 4.0.2-p6, MPC version 1.1.0, isl version isl-0.18-GMP

GGC heuristics: --param ggc-min-expand=100 --param ggc-min-heapsize=131072
#include "..." search starts here:
#include <...> search starts here:
 /work/software/cudnn/8.0/11.0/include
 /work/software/cuda/11.0/include
 /usr/lib64/gcc/x86_64-suse-linux/7/include
 /usr/local/include
 /usr/lib64/gcc/x86_64-suse-linux/7/include-fixed
 /usr/lib64/gcc/x86_64-suse-linux/7/../../../../x86_64-suse-linux/include
 /usr/include
End of search list.
GNU C11 (SUSE Linux) version 7.5.0 (x86_64-suse-linux)
	compiled by GNU C version 7.5.0, GMP version 6.1.2, MPFR version 4.0.2-p6, MPC version 1.1.0, isl version isl-0.18-GMP

GGC heuristics: --param ggc-min-expand=100 --param ggc-min-heapsize=131072
Compiler executable checksum: f4fb8fa0326117d055e3f92185524fe3
COLLECT_GCC_OPTIONS='-v' '-o' 'CMakeFiles/cmTC_f5025.dir/CMakeCCompilerABI.c.o' '-c' '-mtune=generic' '-march=x86-64'
 /usr/lib64/gcc/x86_64-suse-linux/7/../../../../x86_64-suse-linux/bin/as -v --64 -o CMakeFiles/cmTC_f5025.dir/CMakeCCompilerABI.c.o /tmp/ccKUA224.s
GNU assembler version 2.37 (x86_64-suse-linux) using BFD version (GNU Binutils; SUSE Linux Enterprise 15) 2.37.20211103-7.26
COMPILER_PATH=/usr/lib64/gcc/x86_64-suse-linux/7/:/usr/lib64/gcc/x86_64-suse-linux/7/:/usr/lib64/gcc/x86_64-suse-linux/:/usr/lib64/gcc/x86_64-suse-linux/7/:/usr/lib64/gcc/x86_64-suse-linux/:/usr/lib64/gcc/x86_64-suse-linux/7/../../../../x86_64-suse-linux/bin/
LIBRARY_PATH=/work/software/cudnn/8.0/11.0/lib64/../lib64/:/usr/lib64/gcc/x86_64-suse-linux/7/:/usr/lib64/gcc/x86_64-suse-linux/7/../../../../lib64/:/lib/../lib64/:/usr/lib/../lib64/:/work/software/cudnn/8.0/11.0/lib64/:/work/software/cuda/11.0/lib64/:/usr/lib64/gcc/x86_64-suse-linux/7/../../../../x86_64-suse-linux/lib/:/usr/lib64/gcc/x86_64-suse-linux/7/../../../:/lib/:/usr/lib/
COLLECT_GCC_OPTIONS='-v' '-o' 'CMakeFiles/cmTC_f5025.dir/CMakeCCompilerABI.c.o' '-c' '-mtune=generic' '-march=x86-64'
Linking C executable cmTC_f5025
/usr/bin/cmake -E cmake_link_script CMakeFiles/cmTC_f5025.dir/link.txt --verbose=1
/usr/lib/hpc/compiler/gnu/7/bin/cc     -v -rdynamic CMakeFiles/cmTC_f5025.dir/CMakeCCompilerABI.c.o  -o cmTC_f5025 
Using built-in specs.
COLLECT_GCC=/usr/lib/hpc/compiler/gnu/7/bin/cc
COLLECT_LTO_WRAPPER=/usr/lib64/gcc/x86_64-suse-linux/7/lto-wrapper
OFFLOAD_TARGET_NAMES=hsa:nvptx-none
Target: x86_64-suse-linux
Configured with: ../configure --prefix=/usr --infodir=/usr/share/info --mandir=/usr/share/man --libdir=/usr/lib64 --libexecdir=/usr/lib64 --enable-languages=c,c++,objc,fortran,obj-c++,ada,go --enable-offload-targets=hsa,nvptx-none, --without-cuda-driver --enable-checking=release --disable-werror --with-gxx-include-dir=/usr/include/c++/7 --enable-ssp --disable-libssp --disable-libvtv --disable-libcc1 --disable-plugin --with-bugurl=https://bugs.opensuse.org/ --with-pkgversion='SUSE Linux' --with-slibdir=/lib64 --with-system-zlib --enable-libstdcxx-allocator=new --disable-libstdcxx-pch --enable-version-specific-runtime-libs --with-gcc-major-version-only --enable-linker-build-id --enable-linux-futex --enable-gnu-indirect-function --program-suffix=-7 --without-system-libunwind --enable-multilib --with-arch-32=x86-64 --with-tune=generic --build=x86_64-suse-linux --host=x86_64-suse-linux
Thread model: posix
gcc version 7.5.0 (SUSE Linux) 
COMPILER_PATH=/usr/lib64/gcc/x86_64-suse-linux/7/:/usr/lib64/gcc/x86_64-suse-linux/7/:/usr/lib64/gcc/x86_64-suse-linux/:/usr/lib64/gcc/x86_64-suse-linux/7/:/usr/lib64/gcc/x86_64-suse-linux/:/usr/lib64/gcc/x86_64-suse-linux/7/../../../../x86_64-suse-linux/bin/
LIBRARY_PATH=/work/software/cudnn/8.0/11.0/lib64/../lib64/:/usr/lib64/gcc/x86_64-suse-linux/7/:/usr/lib64/gcc/x86_64-suse-linux/7/../../../../lib64/:/lib/../lib64/:/usr/lib/../lib64/:/work/software/cudnn/8.0/11.0/lib64/:/work/software/cuda/11.0/lib64/:/usr/lib64/gcc/x86_64-suse-linux/7/../../../../x86_64-suse-linux/lib/:/usr/lib64/gcc/x86_64-suse-linux/7/../../../:/lib/:/usr/lib/
COLLECT_GCC_OPTIONS='-v' '-rdynamic' '-o' 'cmTC_f5025' '-mtune=generic' '-march=x86-64'
 /usr/lib64/gcc/x86_64-suse-linux/7/collect2 -plugin /usr/lib64/gcc/x86_64-suse-linux/7/liblto_plugin.so -plugin-opt=/usr/lib64/gcc/x86_64-suse-linux/7/lto-wrapper -plugin-opt=-fresolution=/tmp/cc12tVqv.res -plugin-opt=-pass-through=-lgcc -plugin-opt=-pass-through=-lgcc_s -plugin-opt=-pass-through=-lc -plugin-opt=-pass-through=-lgcc -plugin-opt=-pass-through=-lgcc_s --build-id --eh-frame-hdr -m elf_x86_64 -export-dynamic -dynamic-linker /lib64/ld-linux-x86-64.so.2 -o cmTC_f5025 /usr/lib64/gcc/x86_64-suse-linux/7/../../../../lib64/crt1.o /usr/lib64/gcc/x86_64-suse-linux/7/../../../../lib64/crti.o /usr/lib64/gcc/x86_64-suse-linux/7/crtbegin.o -L/work/software/cudnn/8.0/11.0/lib64/../lib64 -L/usr/lib64/gcc/x86_64-suse-linux/7 -L/usr/lib64/gcc/x86_64-suse-linux/7/../../../../lib64 -L/lib/../lib64 -L/usr/lib/../lib64 -L/work/software/cudnn/8.0/11.0/lib64 -L/work/software/cuda/11.0/lib64 -L/usr/lib64/gcc/x86_64-suse-linux/7/../../../../x86_64-suse-linux/lib -L/usr/lib64/gcc/x86_64-suse-linux/7/../../.. CMakeFiles/cmTC_f5025.dir/CMakeCCompilerABI.c.o -lgcc --as-needed -lgcc_s --no-as-needed -lc -lgcc --as-needed -lgcc_s --no-as-needed /usr/lib64/gcc/x86_64-suse-linux/7/crtend.o /usr/lib64/gcc/x86_64-suse-linux/7/../../../../lib64/crtn.o
COLLECT_GCC_OPTIONS='-v' '-rdynamic' '-o' 'cmTC_f5025' '-mtune=generic' '-march=x86-64'
gmake[1]: Leaving directory '/scratch/gpi/seis/HEX/GpuFit/Gpufit/Gpufit/CMakeFiles/CMakeTmp'



Parsed C implicit include dir info from above output: rv=done
  found start of include info
  found start of implicit include info
    add: [/work/software/cudnn/8.0/11.0/include]
    add: [/work/software/cuda/11.0/include]
    add: [/usr/lib64/gcc/x86_64-suse-linux/7/include]
    add: [/usr/local/include]
    add: [/usr/lib64/gcc/x86_64-suse-linux/7/include-fixed]
    add: [/usr/lib64/gcc/x86_64-suse-linux/7/../../../../x86_64-suse-linux/include]
    add: [/usr/include]
  end of search list found
  collapse include dir [/work/software/cudnn/8.0/11.0/include] ==> [/work/software/cudnn/8.0/11.0/include]
  collapse include dir [/work/software/cuda/11.0/include] ==> [/work/software/cuda/11.0/include]
  collapse include dir [/usr/lib64/gcc/x86_64-suse-linux/7/include] ==> [/usr/lib64/gcc/x86_64-suse-linux/7/include]
  collapse include dir [/usr/local/include] ==> [/usr/local/include]
  collapse include dir [/usr/lib64/gcc/x86_64-suse-linux/7/include-fixed] ==> [/usr/lib64/gcc/x86_64-suse-linux/7/include-fixed]
  collapse include dir [/usr/lib64/gcc/x86_64-suse-linux/7/../../../../x86_64-suse-linux/include] ==> [/usr/x86_64-suse-linux/include]
  collapse include dir [/usr/include] ==> [/usr/include]
  implicit include dirs: [/work/software/cudnn/8.0/11.0/include;/work/software/cuda/11.0/include;/usr/lib64/gcc/x86_64-suse-linux/7/include;/usr/local/include;/usr/lib64/gcc/x86_64-suse-linux/7/include-fixed;/usr/x86_64-suse-linux/include;/usr/include]


Parsed C implicit link information from above output:
  link line regex: [^( *|.*[/\])(ld|CMAKE_LINK_STARTFILE-NOTFOUND|([^/\]+-)?ld|collect2)[^/\]*( |$)]
  ignore line: [Change Dir: /scratch/gpi/seis/HEX/GpuFit/Gpufit/Gpufit/CMakeFiles/CMakeTmp]
  ignore line: []
  ignore line: [Run Build Command(s):/usr/bin/gmake cmTC_f5025/fast && /usr/bin/gmake -f CMakeFiles/cmTC_f5025.dir/build.make CMakeFiles/cmTC_f5025.dir/build]
  ignore line: [gmake[1]: Entering directory '/scratch/gpi/seis/HEX/GpuFit/Gpufit/Gpufit/CMakeFiles/CMakeTmp']
  ignore line: [Building C object CMakeFiles/cmTC_f5025.dir/CMakeCCompilerABI.c.o]
  ignore line: [/usr/lib/hpc/compiler/gnu/7/bin/cc   -v -o CMakeFiles/cmTC_f5025.dir/CMakeCCompilerABI.c.o   -c /usr/share/cmake/Modules/CMakeCCompilerABI.c]
  ignore line: [Using built-in specs.]
  ignore line: [COLLECT_GCC=/usr/lib/hpc/compiler/gnu/7/bin/cc]
  ignore line: [OFFLOAD_TARGET_NAMES=hsa:nvptx-none]
  ignore line: [Target: x86_64-suse-linux]
  ignore line: [Configured with: ../configure --prefix=/usr --infodir=/usr/share/info --mandir=/usr/share/man --libdir=/usr/lib64 --libexecdir=/usr/lib64 --enable-languages=c c++ objc fortran obj-c++ ada go --enable-offload-targets=hsa nvptx-none  --without-cuda-driver --enable-checking=release --disable-werror --with-gxx-include-dir=/usr/include/c++/7 --enable-ssp --disable-libssp --disable-libvtv --disable-libcc1 --disable-plugin --with-bugurl=https://bugs.opensuse.org/ --with-pkgversion='SUSE Linux' --with-slibdir=/lib64 --with-system-zlib --enable-libstdcxx-allocator=new --disable-libstdcxx-pch --enable-version-specific-runtime-libs --with-gcc-major-version-only --enable-linker-build-id --enable-linux-futex --enable-gnu-indirect-function --program-suffix=-7 --without-system-libunwind --enable-multilib --with-arch-32=x86-64 --with-tune=generic --build=x86_64-suse-linux --host=x86_64-suse-linux]
  ignore line: [Thread model: posix]
  ignore line: [gcc version 7.5.0 (SUSE Linux) ]
  ignore line: [COLLECT_GCC_OPTIONS='-v' '-o' 'CMakeFiles/cmTC_f5025.dir/CMakeCCompilerABI.c.o' '-c' '-mtune=generic' '-march=x86-64']
  ignore line: [ /usr/lib64/gcc/x86_64-suse-linux/7/cc1 -quiet -v /usr/share/cmake/Modules/CMakeCCompilerABI.c -quiet -dumpbase CMakeCCompilerABI.c -mtune=generic -march=x86-64 -auxbase-strip CMakeFiles/cmTC_f5025.dir/CMakeCCompilerABI.c.o -version -o /tmp/ccKUA224.s]
  ignore line: [GNU C11 (SUSE Linux) version 7.5.0 (x86_64-suse-linux)]
  ignore line: [	compiled by GNU C version 7.5.0  GMP version 6.1.2  MPFR version 4.0.2-p6  MPC version 1.1.0  isl version isl-0.18-GMP]
  ignore line: []
  ignore line: [GGC heuristics: --param ggc-min-expand=100 --param ggc-min-heapsize=131072]
  ignore line: [#include "..." search starts here:]
  ignore line: [#include <...> search starts here:]
  ignore line: [ /work/software/cudnn/8.0/11.0/include]
  ignore line: [ /work/software/cuda/11.0/include]
  ignore line: [ /usr/lib64/gcc/x86_64-suse-linux/7/include]
  ignore line: [ /usr/local/include]
  ignore line: [ /usr/lib64/gcc/x86_64-suse-linux/7/include-fixed]
  ignore line: [ /usr/lib64/gcc/x86_64-suse-linux/7/../../../../x86_64-suse-linux/include]
  ignore line: [ /usr/include]
  ignore line: [End of search list.]
  ignore line: [GNU C11 (SUSE Linux) version 7.5.0 (x86_64-suse-linux)]
  ignore line: [	compiled by GNU C version 7.5.0  GMP version 6.1.2  MPFR version 4.0.2-p6  MPC version 1.1.0  isl version isl-0.18-GMP]
  ignore line: []
  ignore line: [GGC heuristics: --param ggc-min-expand=100 --param ggc-min-heapsize=131072]
  ignore line: [Compiler executable checksum: f4fb8fa0326117d055e3f92185524fe3]
  ignore line: [COLLECT_GCC_OPTIONS='-v' '-o' 'CMakeFiles/cmTC_f5025.dir/CMakeCCompilerABI.c.o' '-c' '-mtune=generic' '-march=x86-64']
  ignore line: [ /usr/lib64/gcc/x86_64-suse-linux/7/../../../../x86_64-suse-linux/bin/as -v --64 -o CMakeFiles/cmTC_f5025.dir/CMakeCCompilerABI.c.o /tmp/ccKUA224.s]
  ignore line: [GNU assembler version 2.37 (x86_64-suse-linux) using BFD version (GNU Binutils]
  ignore line: [ SUSE Linux Enterprise 15) 2.37.20211103-7.26]
  ignore line: [COMPILER_PATH=/usr/lib64/gcc/x86_64-suse-linux/7/:/usr/lib64/gcc/x86_64-suse-linux/7/:/usr/lib64/gcc/x86_64-suse-linux/:/usr/lib64/gcc/x86_64-suse-linux/7/:/usr/lib64/gcc/x86_64-suse-linux/:/usr/lib64/gcc/x86_64-suse-linux/7/../../../../x86_64-suse-linux/bin/]
  ignore line: [LIBRARY_PATH=/work/software/cudnn/8.0/11.0/lib64/../lib64/:/usr/lib64/gcc/x86_64-suse-linux/7/:/usr/lib64/gcc/x86_64-suse-linux/7/../../../../lib64/:/lib/../lib64/:/usr/lib/../lib64/:/work/software/cudnn/8.0/11.0/lib64/:/work/software/cuda/11.0/lib64/:/usr/lib64/gcc/x86_64-suse-linux/7/../../../../x86_64-suse-linux/lib/:/usr/lib64/gcc/x86_64-suse-linux/7/../../../:/lib/:/usr/lib/]
  ignore line: [COLLECT_GCC_OPTIONS='-v' '-o' 'CMakeFiles/cmTC_f5025.dir/CMakeCCompilerABI.c.o' '-c' '-mtune=generic' '-march=x86-64']
  ignore line: [Linking C executable cmTC_f5025]
  ignore line: [/usr/bin/cmake -E cmake_link_script CMakeFiles/cmTC_f5025.dir/link.txt --verbose=1]
  ignore line: [/usr/lib/hpc/compiler/gnu/7/bin/cc     -v -rdynamic CMakeFiles/cmTC_f5025.dir/CMakeCCompilerABI.c.o  -o cmTC_f5025 ]
  ignore line: [Using built-in specs.]
  ignore line: [COLLECT_GCC=/usr/lib/hpc/compiler/gnu/7/bin/cc]
  ignore line: [COLLECT_LTO_WRAPPER=/usr/lib64/gcc/x86_64-suse-linux/7/lto-wrapper]
  ignore line: [OFFLOAD_TARGET_NAMES=hsa:nvptx-none]
  ignore line: [Target: x86_64-suse-linux]
  ignore line: [Configured with: ../configure --prefix=/usr --infodir=/usr/share/info --mandir=/usr/share/man --libdir=/usr/lib64 --libexecdir=/usr/lib64 --enable-languages=c c++ objc fortran obj-c++ ada go --enable-offload-targets=hsa nvptx-none  --without-cuda-driver --enable-checking=release --disable-werror --with-gxx-include-dir=/usr/include/c++/7 --enable-ssp --disable-libssp --disable-libvtv --disable-libcc1 --disable-plugin --with-bugurl=https://bugs.opensuse.org/ --with-pkgversion='SUSE Linux' --with-slibdir=/lib64 --with-system-zlib --enable-libstdcxx-allocator=new --disable-libstdcxx-pch --enable-version-specific-runtime-libs --with-gcc-major-version-only --enable-linker-build-id --enable-linux-futex --enable-gnu-indirect-function --program-suffix=-7 --without-system-libunwind --enable-multilib --with-arch-32=x86-64 --with-tune=generic --build=x86_64-suse-linux --host=x86_64-suse-linux]
  ignore line: [Thread model: posix]
  ignore line: [gcc version 7.5.0 (SUSE Linux) ]
  ignore line: [COMPILER_PATH=/usr/lib64/gcc/x86_64-suse-linux/7/:/usr/lib64/gcc/x86_64-suse-linux/7/:/usr/lib64/gcc/x86_64-suse-linux/:/usr/lib64/gcc/x86_64-suse-linux/7/:/usr/lib64/gcc/x86_64-suse-linux/:/usr/lib64/gcc/x86_64-suse-linux/7/../../../../x86_64-suse-linux/bin/]
  ignore line: [LIBRARY_PATH=/work/software/cudnn/8.0/11.0/lib64/../lib64/:/usr/lib64/gcc/x86_64-suse-linux/7/:/usr/lib64/gcc/x86_64-suse-linux/7/../../../../lib64/:/lib/../lib64/:/usr/lib/../lib64/:/work/software/cudnn/8.0/11.0/lib64/:/work/software/cuda/11.0/lib64/:/usr/lib64/gcc/x86_64-suse-linux/7/../../../../x86_64-suse-linux/lib/:/usr/lib64/gcc/x86_64-suse-linux/7/../../../:/lib/:/usr/lib/]
  ignore line: [COLLECT_GCC_OPTIONS='-v' '-rdynamic' '-o' 'cmTC_f5025' '-mtune=generic' '-march=x86-64']
  link line: [ /usr/lib64/gcc/x86_64-suse-linux/7/collect2 -plugin /usr/lib64/gcc/x86_64-suse-linux/7/liblto_plugin.so -plugin-opt=/usr/lib64/gcc/x86_64-suse-linux/7/lto-wrapper -plugin-opt=-fresolution=/tmp/cc12tVqv.res -plugin-opt=-pass-through=-lgcc -plugin-opt=-pass-through=-lgcc_s -plugin-opt=-pass-through=-lc -plugin-opt=-pass-through=-lgcc -plugin-opt=-pass-through=-lgcc_s --build-id --eh-frame-hdr -m elf_x86_64 -export-dynamic -dynamic-linker /lib64/ld-linux-x86-64.so.2 -o cmTC_f5025 /usr/lib64/gcc/x86_64-suse-linux/7/../../../../lib64/crt1.o /usr/lib64/gcc/x86_64-suse-linux/7/../../../../lib64/crti.o /usr/lib64/gcc/x86_64-suse-linux/7/crtbegin.o -L/work/software/cudnn/8.0/11.0/lib64/../lib64 -L/usr/lib64/gcc/x86_64-suse-linux/7 -L/usr/lib64/gcc/x86_64-suse-linux/7/../../../../lib64 -L/lib/../lib64 -L/usr/lib/../lib64 -L/work/software/cudnn/8.0/11.0/lib64 -L/work/software/cuda/11.0/lib64 -L/usr/lib64/gcc/x86_64-suse-linux/7/../../../../x86_64-suse-linux/lib -L/usr/lib64/gcc/x86_64-suse-linux/7/../../.. CMakeFiles/cmTC_f5025.dir/CMakeCCompilerABI.c.o -lgcc --as-needed -lgcc_s --no-as-needed -lc -lgcc --as-needed -lgcc_s --no-as-needed /usr/lib64/gcc/x86_64-suse-linux/7/crtend.o /usr/lib64/gcc/x86_64-suse-linux/7/../../../../lib64/crtn.o]
    arg [/usr/lib64/gcc/x86_64-suse-linux/7/collect2] ==> ignore
    arg [-plugin] ==> ignore
    arg [/usr/lib64/gcc/x86_64-suse-linux/7/liblto_plugin.so] ==> ignore
    arg [-plugin-opt=/usr/lib64/gcc/x86_64-suse-linux/7/lto-wrapper] ==> ignore
    arg [-plugin-opt=-fresolution=/tmp/cc12tVqv.res] ==> ignore
    arg [-plugin-opt=-pass-through=-lgcc] ==> ignore
    arg [-plugin-opt=-pass-through=-lgcc_s] ==> ignore
    arg [-plugin-opt=-pass-through=-lc] ==> ignore
    arg [-plugin-opt=-pass-through=-lgcc] ==> ignore
    arg [-plugin-opt=-pass-through=-lgcc_s] ==> ignore
    arg [--build-id] ==> ignore
    arg [--eh-frame-hdr] ==> ignore
    arg [-m] ==> ignore
    arg [elf_x86_64] ==> ignore
    arg [-export-dynamic] ==> ignore
    arg [-dynamic-linker] ==> ignore
    arg [/lib64/ld-linux-x86-64.so.2] ==> ignore
    arg [-o] ==> ignore
    arg [cmTC_f5025] ==> ignore
    arg [/usr/lib64/gcc/x86_64-suse-linux/7/../../../../lib64/crt1.o] ==> ignore
    arg [/usr/lib64/gcc/x86_64-suse-linux/7/../../../../lib64/crti.o] ==> ignore
    arg [/usr/lib64/gcc/x86_64-suse-linux/7/crtbegin.o] ==> ignore
    arg [-L/work/software/cudnn/8.0/11.0/lib64/../lib64] ==> dir [/work/software/cudnn/8.0/11.0/lib64/../lib64]
    arg [-L/usr/lib64/gcc/x86_64-suse-linux/7] ==> dir [/usr/lib64/gcc/x86_64-suse-linux/7]
    arg [-L/usr/lib64/gcc/x86_64-suse-linux/7/../../../../lib64] ==> dir [/usr/lib64/gcc/x86_64-suse-linux/7/../../../../lib64]
    arg [-L/lib/../lib64] ==> dir [/lib/../lib64]
    arg [-L/usr/lib/../lib64] ==> dir [/usr/lib/../lib64]
    arg [-L/work/software/cudnn/8.0/11.0/lib64] ==> dir [/work/software/cudnn/8.0/11.0/lib64]
    arg [-L/work/software/cuda/11.0/lib64] ==> dir [/work/software/cuda/11.0/lib64]
    arg [-L/usr/lib64/gcc/x86_64-suse-linux/7/../../../../x86_64-suse-linux/lib] ==> dir [/usr/lib64/gcc/x86_64-suse-linux/7/../../../../x86_64-suse-linux/lib]
    arg [-L/usr/lib64/gcc/x86_64-suse-linux/7/../../..] ==> dir [/usr/lib64/gcc/x86_64-suse-linux/7/../../..]
    arg [CMakeFiles/cmTC_f5025.dir/CMakeCCompilerABI.c.o] ==> ignore
    arg [-lgcc] ==> lib [gcc]
    arg [--as-needed] ==> ignore
    arg [-lgcc_s] ==> lib [gcc_s]
    arg [--no-as-needed] ==> ignore
    arg [-lc] ==> lib [c]
    arg [-lgcc] ==> lib [gcc]
    arg [--as-needed] ==> ignore
    arg [-lgcc_s] ==> lib [gcc_s]
    arg [--no-as-needed] ==> ignore
    arg [/usr/lib64/gcc/x86_64-suse-linux/7/crtend.o] ==> ignore
    arg [/usr/lib64/gcc/x86_64-suse-linux/7/../../../../lib64/crtn.o] ==> ignore
  collapse library dir [/work/software/cudnn/8.0/11.0/lib64/../lib64] ==> [/work/software/cudnn/8.0/11.0/lib64]
  collapse library dir [/usr/lib64/gcc/x86_64-suse-linux/7] ==> [/usr/lib64/gcc/x86_64-suse-linux/7]
  collapse library dir [/usr/lib64/gcc/x86_64-suse-linux/7/../../../../lib64] ==> [/usr/lib64]
  collapse library dir [/lib/../lib64] ==> [/lib64]
  collapse library dir [/usr/lib/../lib64] ==> [/usr/lib64]
  collapse library dir [/work/software/cudnn/8.0/11.0/lib64] ==> [/work/software/cudnn/8.0/11.0/lib64]
  collapse library dir [/work/software/cuda/11.0/lib64] ==> [/work/software/cuda/11.0/lib64]
  collapse library dir [/usr/lib64/gcc/x86_64-suse-linux/7/../../../../x86_64-suse-linux/lib] ==> [/usr/x86_64-suse-linux/lib]
  collapse library dir [/usr/lib64/gcc/x86_64-suse-linux/7/../../..] ==> [/usr/lib64]
  implicit libs: [gcc;gcc_s;c;gcc;gcc_s]
  implicit dirs: [/work/software/cudnn/8.0/11.0/lib64;/usr/lib64/gcc/x86_64-suse-linux/7;/usr/lib64;/lib64;/work/software/cuda/11.0/lib64;/usr/x86_64-suse-linux/lib]
  implicit fwks: []


Determining if the CXX compiler works passed with the following output:
Change Dir: /scratch/gpi/seis/HEX/GpuFit/Gpufit/Gpufit/CMakeFiles/CMakeTmp

Run Build Command(s):/usr/bin/gmake cmTC_c572d/fast && /usr/bin/gmake -f CMakeFiles/cmTC_c572d.dir/build.make CMakeFiles/cmTC_c572d.dir/build
gmake[1]: Entering directory '/scratch/gpi/seis/HEX/GpuFit/Gpufit/Gpufit/CMakeFiles/CMakeTmp'
Building CXX object CMakeFiles/cmTC_c572d.dir/testCXXCompiler.cxx.o
/usr/lib/hpc/compiler/gnu/7/bin/c++     -o CMakeFiles/cmTC_c572d.dir/testCXXCompiler.cxx.o -c /scratch/gpi/seis/HEX/GpuFit/Gpufit/Gpufit/CMakeFiles/CMakeTmp/testCXXCompiler.cxx
Linking CXX executable cmTC_c572d
/usr/bin/cmake -E cmake_link_script CMakeFiles/cmTC_c572d.dir/link.txt --verbose=1
/usr/lib/hpc/compiler/gnu/7/bin/c++       -rdynamic CMakeFiles/cmTC_c572d.dir/testCXXCompiler.cxx.o  -o cmTC_c572d 
gmake[1]: Leaving directory '/scratch/gpi/seis/HEX/GpuFit/Gpufit/Gpufit/CMakeFiles/CMakeTmp'



Detecting CXX compiler ABI info compiled with the following output:
Change Dir: /scratch/gpi/seis/HEX/GpuFit/Gpufit/Gpufit/CMakeFiles/CMakeTmp

Run Build Command(s):/usr/bin/gmake cmTC_78ecf/fast && /usr/bin/gmake -f CMakeFiles/cmTC_78ecf.dir/build.make CMakeFiles/cmTC_78ecf.dir/build
gmake[1]: Entering directory '/scratch/gpi/seis/HEX/GpuFit/Gpufit/Gpufit/CMakeFiles/CMakeTmp'
Building CXX object CMakeFiles/cmTC_78ecf.dir/CMakeCXXCompilerABI.cpp.o
/usr/lib/hpc/compiler/gnu/7/bin/c++    -v -o CMakeFiles/cmTC_78ecf.dir/CMakeCXXCompilerABI.cpp.o -c /usr/share/cmake/Modules/CMakeCXXCompilerABI.cpp
Using built-in specs.
COLLECT_GCC=/usr/lib/hpc/compiler/gnu/7/bin/c++
OFFLOAD_TARGET_NAMES=hsa:nvptx-none
Target: x86_64-suse-linux
Configured with: ../configure --prefix=/usr --infodir=/usr/share/info --mandir=/usr/share/man --libdir=/usr/lib64 --libexecdir=/usr/lib64 --enable-languages=c,c++,objc,fortran,obj-c++,ada,go --enable-offload-targets=hsa,nvptx-none, --without-cuda-driver --enable-checking=release --disable-werror --with-gxx-include-dir=/usr/include/c++/7 --enable-ssp --disable-libssp --disable-libvtv --disable-libcc1 --disable-plugin --with-bugurl=https://bugs.opensuse.org/ --with-pkgversion='SUSE Linux' --with-slibdir=/lib64 --with-system-zlib --enable-libstdcxx-allocator=new --disable-libstdcxx-pch --enable-version-specific-runtime-libs --with-gcc-major-version-only --enable-linker-build-id --enable-linux-futex --enable-gnu-indirect-function --program-suffix=-7 --without-system-libunwind --enable-multilib --with-arch-32=x86-64 --with-tune=generic --build=x86_64-suse-linux --host=x86_64-suse-linux
Thread model: posix
gcc version 7.5.0 (SUSE Linux) 
COLLECT_GCC_OPTIONS='-v' '-o' 'CMakeFiles/cmTC_78ecf.dir/CMakeCXXCompilerABI.cpp.o' '-c' '-shared-libgcc' '-mtune=generic' '-march=x86-64'
 /usr/lib64/gcc/x86_64-suse-linux/7/cc1plus -quiet -v -D_GNU_SOURCE /usr/share/cmake/Modules/CMakeCXXCompilerABI.cpp -quiet -dumpbase CMakeCXXCompilerABI.cpp -mtune=generic -march=x86-64 -auxbase-strip CMakeFiles/cmTC_78ecf.dir/CMakeCXXCompilerABI.cpp.o -version -o /tmp/ccWn7kCK.s
GNU C++14 (SUSE Linux) version 7.5.0 (x86_64-suse-linux)
	compiled by GNU C version 7.5.0, GMP version 6.1.2, MPFR version 4.0.2-p6, MPC version 1.1.0, isl version isl-0.18-GMP

GGC heuristics: --param ggc-min-expand=100 --param ggc-min-heapsize=131072
#include "..." search starts here:
#include <...> search starts here:
 /work/software/cudnn/8.0/11.0/include
 /work/software/cuda/11.0/include
 /usr/include/c++/7
 /usr/include/c++/7/x86_64-suse-linux
 /usr/include/c++/7/backward
 /usr/lib64/gcc/x86_64-suse-linux/7/include
 /usr/local/include
 /usr/lib64/gcc/x86_64-suse-linux/7/include-fixed
 /usr/lib64/gcc/x86_64-suse-linux/7/../../../../x86_64-suse-linux/include
 /usr/include
End of search list.
GNU C++14 (SUSE Linux) version 7.5.0 (x86_64-suse-linux)
	compiled by GNU C version 7.5.0, GMP version 6.1.2, MPFR version 4.0.2-p6, MPC version 1.1.0, isl version isl-0.18-GMP

GGC heuristics: --param ggc-min-expand=100 --param ggc-min-heapsize=131072
Compiler executable checksum: 6382e6e95418232cdb97da9bdda1863e
COLLECT_GCC_OPTIONS='-v' '-o' 'CMakeFiles/cmTC_78ecf.dir/CMakeCXXCompilerABI.cpp.o' '-c' '-shared-libgcc' '-mtune=generic' '-march=x86-64'
 /usr/lib64/gcc/x86_64-suse-linux/7/../../../../x86_64-suse-linux/bin/as -v --64 -o CMakeFiles/cmTC_78ecf.dir/CMakeCXXCompilerABI.cpp.o /tmp/ccWn7kCK.s
GNU assembler version 2.37 (x86_64-suse-linux) using BFD version (GNU Binutils; SUSE Linux Enterprise 15) 2.37.20211103-7.26
COMPILER_PATH=/usr/lib64/gcc/x86_64-suse-linux/7/:/usr/lib64/gcc/x86_64-suse-linux/7/:/usr/lib64/gcc/x86_64-suse-linux/:/usr/lib64/gcc/x86_64-suse-linux/7/:/usr/lib64/gcc/x86_64-suse-linux/:/usr/lib64/gcc/x86_64-suse-linux/7/../../../../x86_64-suse-linux/bin/
LIBRARY_PATH=/work/software/cudnn/8.0/11.0/lib64/../lib64/:/usr/lib64/gcc/x86_64-suse-linux/7/:/usr/lib64/gcc/x86_64-suse-linux/7/../../../../lib64/:/lib/../lib64/:/usr/lib/../lib64/:/work/software/cudnn/8.0/11.0/lib64/:/work/software/cuda/11.0/lib64/:/usr/lib64/gcc/x86_64-suse-linux/7/../../../../x86_64-suse-linux/lib/:/usr/lib64/gcc/x86_64-suse-linux/7/../../../:/lib/:/usr/lib/
COLLECT_GCC_OPTIONS='-v' '-o' 'CMakeFiles/cmTC_78ecf.dir/CMakeCXXCompilerABI.cpp.o' '-c' '-shared-libgcc' '-mtune=generic' '-march=x86-64'
Linking CXX executable cmTC_78ecf
/usr/bin/cmake -E cmake_link_script CMakeFiles/cmTC_78ecf.dir/link.txt --verbose=1
/usr/lib/hpc/compiler/gnu/7/bin/c++      -v -rdynamic CMakeFiles/cmTC_78ecf.dir/CMakeCXXCompilerABI.cpp.o  -o cmTC_78ecf 
Using built-in specs.
COLLECT_GCC=/usr/lib/hpc/compiler/gnu/7/bin/c++
COLLECT_LTO_WRAPPER=/usr/lib64/gcc/x86_64-suse-linux/7/lto-wrapper
OFFLOAD_TARGET_NAMES=hsa:nvptx-none
Target: x86_64-suse-linux
Configured with: ../configure --prefix=/usr --infodir=/usr/share/info --mandir=/usr/share/man --libdir=/usr/lib64 --libexecdir=/usr/lib64 --enable-languages=c,c++,objc,fortran,obj-c++,ada,go --enable-offload-targets=hsa,nvptx-none, --without-cuda-driver --enable-checking=release --disable-werror --with-gxx-include-dir=/usr/include/c++/7 --enable-ssp --disable-libssp --disable-libvtv --disable-libcc1 --disable-plugin --with-bugurl=https://bugs.opensuse.org/ --with-pkgversion='SUSE Linux' --with-slibdir=/lib64 --with-system-zlib --enable-libstdcxx-allocator=new --disable-libstdcxx-pch --enable-version-specific-runtime-libs --with-gcc-major-version-only --enable-linker-build-id --enable-linux-futex --enable-gnu-indirect-function --program-suffix=-7 --without-system-libunwind --enable-multilib --with-arch-32=x86-64 --with-tune=generic --build=x86_64-suse-linux --host=x86_64-suse-linux
Thread model: posix
gcc version 7.5.0 (SUSE Linux) 
COMPILER_PATH=/usr/lib64/gcc/x86_64-suse-linux/7/:/usr/lib64/gcc/x86_64-suse-linux/7/:/usr/lib64/gcc/x86_64-suse-linux/:/usr/lib64/gcc/x86_64-suse-linux/7/:/usr/lib64/gcc/x86_64-suse-linux/:/usr/lib64/gcc/x86_64-suse-linux/7/../../../../x86_64-suse-linux/bin/
LIBRARY_PATH=/work/software/cudnn/8.0/11.0/lib64/../lib64/:/usr/lib64/gcc/x86_64-suse-linux/7/:/usr/lib64/gcc/x86_64-suse-linux/7/../../../../lib64/:/lib/../lib64/:/usr/lib/../lib64/:/work/software/cudnn/8.0/11.0/lib64/:/work/software/cuda/11.0/lib64/:/usr/lib64/gcc/x86_64-suse-linux/7/../../../../x86_64-suse-linux/lib/:/usr/lib64/gcc/x86_64-suse-linux/7/../../../:/lib/:/usr/lib/
COLLECT_GCC_OPTIONS='-v' '-rdynamic' '-o' 'cmTC_78ecf' '-shared-libgcc' '-mtune=generic' '-march=x86-64'
 /usr/lib64/gcc/x86_64-suse-linux/7/collect2 -plugin /usr/lib64/gcc/x86_64-suse-linux/7/liblto_plugin.so -plugin-opt=/usr/lib64/gcc/x86_64-suse-linux/7/lto-wrapper -plugin-opt=-fresolution=/tmp/ccJGW6Ua.res -plugin-opt=-pass-through=-lgcc_s -plugin-opt=-pass-through=-lgcc -plugin-opt=-pass-through=-lc -plugin-opt=-pass-through=-lgcc_s -plugin-opt=-pass-through=-lgcc --build-id --eh-frame-hdr -m elf_x86_64 -export-dynamic -dynamic-linker /lib64/ld-linux-x86-64.so.2 -o cmTC_78ecf /usr/lib64/gcc/x86_64-suse-linux/7/../../../../lib64/crt1.o /usr/lib64/gcc/x86_64-suse-linux/7/../../../../lib64/crti.o /usr/lib64/gcc/x86_64-suse-linux/7/crtbegin.o -L/work/software/cudnn/8.0/11.0/lib64/../lib64 -L/usr/lib64/gcc/x86_64-suse-linux/7 -L/usr/lib64/gcc/x86_64-suse-linux/7/../../../../lib64 -L/lib/../lib64 -L/usr/lib/../lib64 -L/work/software/cudnn/8.0/11.0/lib64 -L/work/software/cuda/11.0/lib64 -L/usr/lib64/gcc/x86_64-suse-linux/7/../../../../x86_64-suse-linux/lib -L/usr/lib64/gcc/x86_64-suse-linux/7/../../.. CMakeFiles/cmTC_78ecf.dir/CMakeCXXCompilerABI.cpp.o -lstdc++ -lm -lgcc_s -lgcc -lc -lgcc_s -lgcc /usr/lib64/gcc/x86_64-suse-linux/7/crtend.o /usr/lib64/gcc/x86_64-suse-linux/7/../../../../lib64/crtn.o
COLLECT_GCC_OPTIONS='-v' '-rdynamic' '-o' 'cmTC_78ecf' '-shared-libgcc' '-mtune=generic' '-march=x86-64'
gmake[1]: Leaving directory '/scratch/gpi/seis/HEX/GpuFit/Gpufit/Gpufit/CMakeFiles/CMakeTmp'



Parsed CXX implicit include dir info from above output: rv=done
  found start of include info
  found start of implicit include info
    add: [/work/software/cudnn/8.0/11.0/include]
    add: [/work/software/cuda/11.0/include]
    add: [/usr/include/c++/7]
    add: [/usr/include/c++/7/x86_64-suse-linux]
    add: [/usr/include/c++/7/backward]
    add: [/usr/lib64/gcc/x86_64-suse-linux/7/include]
    add: [/usr/local/include]
    add: [/usr/lib64/gcc/x86_64-suse-linux/7/include-fixed]
    add: [/usr/lib64/gcc/x86_64-suse-linux/7/../../../../x86_64-suse-linux/include]
    add: [/usr/include]
  end of search list found
  collapse include dir [/work/software/cudnn/8.0/11.0/include] ==> [/work/software/cudnn/8.0/11.0/include]
  collapse include dir [/work/software/cuda/11.0/include] ==> [/work/software/cuda/11.0/include]
  collapse include dir [/usr/include/c++/7] ==> [/usr/include/c++/7]
  collapse include dir [/usr/include/c++/7/x86_64-suse-linux] ==> [/usr/include/c++/7/x86_64-suse-linux]
  collapse include dir [/usr/include/c++/7/backward] ==> [/usr/include/c++/7/backward]
  collapse include dir [/usr/lib64/gcc/x86_64-suse-linux/7/include] ==> [/usr/lib64/gcc/x86_64-suse-linux/7/include]
  collapse include dir [/usr/local/include] ==> [/usr/local/include]
  collapse include dir [/usr/lib64/gcc/x86_64-suse-linux/7/include-fixed] ==> [/usr/lib64/gcc/x86_64-suse-linux/7/include-fixed]
  collapse include dir [/usr/lib64/gcc/x86_64-suse-linux/7/../../../../x86_64-suse-linux/include] ==> [/usr/x86_64-suse-linux/include]
  collapse include dir [/usr/include] ==> [/usr/include]
  implicit include dirs: [/work/software/cudnn/8.0/11.0/include;/work/software/cuda/11.0/include;/usr/include/c++/7;/usr/include/c++/7/x86_64-suse-linux;/usr/include/c++/7/backward;/usr/lib64/gcc/x86_64-suse-linux/7/include;/usr/local/include;/usr/lib64/gcc/x86_64-suse-linux/7/include-fixed;/usr/x86_64-suse-linux/include;/usr/include]


Parsed CXX implicit link information from above output:
  link line regex: [^( *|.*[/\])(ld|CMAKE_LINK_STARTFILE-NOTFOUND|([^/\]+-)?ld|collect2)[^/\]*( |$)]
  ignore line: [Change Dir: /scratch/gpi/seis/HEX/GpuFit/Gpufit/Gpufit/CMakeFiles/CMakeTmp]
  ignore line: []
  ignore line: [Run Build Command(s):/usr/bin/gmake cmTC_78ecf/fast && /usr/bin/gmake -f CMakeFiles/cmTC_78ecf.dir/build.make CMakeFiles/cmTC_78ecf.dir/build]
  ignore line: [gmake[1]: Entering directory '/scratch/gpi/seis/HEX/GpuFit/Gpufit/Gpufit/CMakeFiles/CMakeTmp']
  ignore line: [Building CXX object CMakeFiles/cmTC_78ecf.dir/CMakeCXXCompilerABI.cpp.o]
  ignore line: [/usr/lib/hpc/compiler/gnu/7/bin/c++    -v -o CMakeFiles/cmTC_78ecf.dir/CMakeCXXCompilerABI.cpp.o -c /usr/share/cmake/Modules/CMakeCXXCompilerABI.cpp]
  ignore line: [Using built-in specs.]
  ignore line: [COLLECT_GCC=/usr/lib/hpc/compiler/gnu/7/bin/c++]
  ignore line: [OFFLOAD_TARGET_NAMES=hsa:nvptx-none]
  ignore line: [Target: x86_64-suse-linux]
  ignore line: [Configured with: ../configure --prefix=/usr --infodir=/usr/share/info --mandir=/usr/share/man --libdir=/usr/lib64 --libexecdir=/usr/lib64 --enable-languages=c c++ objc fortran obj-c++ ada go --enable-offload-targets=hsa nvptx-none  --without-cuda-driver --enable-checking=release --disable-werror --with-gxx-include-dir=/usr/include/c++/7 --enable-ssp --disable-libssp --disable-libvtv --disable-libcc1 --disable-plugin --with-bugurl=https://bugs.opensuse.org/ --with-pkgversion='SUSE Linux' --with-slibdir=/lib64 --with-system-zlib --enable-libstdcxx-allocator=new --disable-libstdcxx-pch --enable-version-specific-runtime-libs --with-gcc-major-version-only --enable-linker-build-id --enable-linux-futex --enable-gnu-indirect-function --program-suffix=-7 --without-system-libunwind --enable-multilib --with-arch-32=x86-64 --with-tune=generic --build=x86_64-suse-linux --host=x86_64-suse-linux]
  ignore line: [Thread model: posix]
  ignore line: [gcc version 7.5.0 (SUSE Linux) ]
  ignore line: [COLLECT_GCC_OPTIONS='-v' '-o' 'CMakeFiles/cmTC_78ecf.dir/CMakeCXXCompilerABI.cpp.o' '-c' '-shared-libgcc' '-mtune=generic' '-march=x86-64']
  ignore line: [ /usr/lib64/gcc/x86_64-suse-linux/7/cc1plus -quiet -v -D_GNU_SOURCE /usr/share/cmake/Modules/CMakeCXXCompilerABI.cpp -quiet -dumpbase CMakeCXXCompilerABI.cpp -mtune=generic -march=x86-64 -auxbase-strip CMakeFiles/cmTC_78ecf.dir/CMakeCXXCompilerABI.cpp.o -version -o /tmp/ccWn7kCK.s]
  ignore line: [GNU C++14 (SUSE Linux) version 7.5.0 (x86_64-suse-linux)]
  ignore line: [	compiled by GNU C version 7.5.0  GMP version 6.1.2  MPFR version 4.0.2-p6  MPC version 1.1.0  isl version isl-0.18-GMP]
  ignore line: []
  ignore line: [GGC heuristics: --param ggc-min-expand=100 --param ggc-min-heapsize=131072]
  ignore line: [#include "..." search starts here:]
  ignore line: [#include <...> search starts here:]
  ignore line: [ /work/software/cudnn/8.0/11.0/include]
  ignore line: [ /work/software/cuda/11.0/include]
  ignore line: [ /usr/include/c++/7]
  ignore line: [ /usr/include/c++/7/x86_64-suse-linux]
  ignore line: [ /usr/include/c++/7/backward]
  ignore line: [ /usr/lib64/gcc/x86_64-suse-linux/7/include]
  ignore line: [ /usr/local/include]
  ignore line: [ /usr/lib64/gcc/x86_64-suse-linux/7/include-fixed]
  ignore line: [ /usr/lib64/gcc/x86_64-suse-linux/7/../../../../x86_64-suse-linux/include]
  ignore line: [ /usr/include]
  ignore line: [End of search list.]
  ignore line: [GNU C++14 (SUSE Linux) version 7.5.0 (x86_64-suse-linux)]
  ignore line: [	compiled by GNU C version 7.5.0  GMP version 6.1.2  MPFR version 4.0.2-p6  MPC version 1.1.0  isl version isl-0.18-GMP]
  ignore line: []
  ignore line: [GGC heuristics: --param ggc-min-expand=100 --param ggc-min-heapsize=131072]
  ignore line: [Compiler executable checksum: 6382e6e95418232cdb97da9bdda1863e]
  ignore line: [COLLECT_GCC_OPTIONS='-v' '-o' 'CMakeFiles/cmTC_78ecf.dir/CMakeCXXCompilerABI.cpp.o' '-c' '-shared-libgcc' '-mtune=generic' '-march=x86-64']
  ignore line: [ /usr/lib64/gcc/x86_64-suse-linux/7/../../../../x86_64-suse-linux/bin/as -v --64 -o CMakeFiles/cmTC_78ecf.dir/CMakeCXXCompilerABI.cpp.o /tmp/ccWn7kCK.s]
  ignore line: [GNU assembler version 2.37 (x86_64-suse-linux) using BFD version (GNU Binutils]
  ignore line: [ SUSE Linux Enterprise 15) 2.37.20211103-7.26]
  ignore line: [COMPILER_PATH=/usr/lib64/gcc/x86_64-suse-linux/7/:/usr/lib64/gcc/x86_64-suse-linux/7/:/usr/lib64/gcc/x86_64-suse-linux/:/usr/lib64/gcc/x86_64-suse-linux/7/:/usr/lib64/gcc/x86_64-suse-linux/:/usr/lib64/gcc/x86_64-suse-linux/7/../../../../x86_64-suse-linux/bin/]
  ignore line: [LIBRARY_PATH=/work/software/cudnn/8.0/11.0/lib64/../lib64/:/usr/lib64/gcc/x86_64-suse-linux/7/:/usr/lib64/gcc/x86_64-suse-linux/7/../../../../lib64/:/lib/../lib64/:/usr/lib/../lib64/:/work/software/cudnn/8.0/11.0/lib64/:/work/software/cuda/11.0/lib64/:/usr/lib64/gcc/x86_64-suse-linux/7/../../../../x86_64-suse-linux/lib/:/usr/lib64/gcc/x86_64-suse-linux/7/../../../:/lib/:/usr/lib/]
  ignore line: [COLLECT_GCC_OPTIONS='-v' '-o' 'CMakeFiles/cmTC_78ecf.dir/CMakeCXXCompilerABI.cpp.o' '-c' '-shared-libgcc' '-mtune=generic' '-march=x86-64']
  ignore line: [Linking CXX executable cmTC_78ecf]
  ignore line: [/usr/bin/cmake -E cmake_link_script CMakeFiles/cmTC_78ecf.dir/link.txt --verbose=1]
  ignore line: [/usr/lib/hpc/compiler/gnu/7/bin/c++      -v -rdynamic CMakeFiles/cmTC_78ecf.dir/CMakeCXXCompilerABI.cpp.o  -o cmTC_78ecf ]
  ignore line: [Using built-in specs.]
  ignore line: [COLLECT_GCC=/usr/lib/hpc/compiler/gnu/7/bin/c++]
  ignore line: [COLLECT_LTO_WRAPPER=/usr/lib64/gcc/x86_64-suse-linux/7/lto-wrapper]
  ignore line: [OFFLOAD_TARGET_NAMES=hsa:nvptx-none]
  ignore line: [Target: x86_64-suse-linux]
  ignore line: [Configured with: ../configure --prefix=/usr --infodir=/usr/share/info --mandir=/usr/share/man --libdir=/usr/lib64 --libexecdir=/usr/lib64 --enable-languages=c c++ objc fortran obj-c++ ada go --enable-offload-targets=hsa nvptx-none  --without-cuda-driver --enable-checking=release --disable-werror --with-gxx-include-dir=/usr/include/c++/7 --enable-ssp --disable-libssp --disable-libvtv --disable-libcc1 --disable-plugin --with-bugurl=https://bugs.opensuse.org/ --with-pkgversion='SUSE Linux' --with-slibdir=/lib64 --with-system-zlib --enable-libstdcxx-allocator=new --disable-libstdcxx-pch --enable-version-specific-runtime-libs --with-gcc-major-version-only --enable-linker-build-id --enable-linux-futex --enable-gnu-indirect-function --program-suffix=-7 --without-system-libunwind --enable-multilib --with-arch-32=x86-64 --with-tune=generic --build=x86_64-suse-linux --host=x86_64-suse-linux]
  ignore line: [Thread model: posix]
  ignore line: [gcc version 7.5.0 (SUSE Linux) ]
  ignore line: [COMPILER_PATH=/usr/lib64/gcc/x86_64-suse-linux/7/:/usr/lib64/gcc/x86_64-suse-linux/7/:/usr/lib64/gcc/x86_64-suse-linux/:/usr/lib64/gcc/x86_64-suse-linux/7/:/usr/lib64/gcc/x86_64-suse-linux/:/usr/lib64/gcc/x86_64-suse-linux/7/../../../../x86_64-suse-linux/bin/]
  ignore line: [LIBRARY_PATH=/work/software/cudnn/8.0/11.0/lib64/../lib64/:/usr/lib64/gcc/x86_64-suse-linux/7/:/usr/lib64/gcc/x86_64-suse-linux/7/../../../../lib64/:/lib/../lib64/:/usr/lib/../lib64/:/work/software/cudnn/8.0/11.0/lib64/:/work/software/cuda/11.0/lib64/:/usr/lib64/gcc/x86_64-suse-linux/7/../../../../x86_64-suse-linux/lib/:/usr/lib64/gcc/x86_64-suse-linux/7/../../../:/lib/:/usr/lib/]
  ignore line: [COLLECT_GCC_OPTIONS='-v' '-rdynamic' '-o' 'cmTC_78ecf' '-shared-libgcc' '-mtune=generic' '-march=x86-64']
  link line: [ /usr/lib64/gcc/x86_64-suse-linux/7/collect2 -plugin /usr/lib64/gcc/x86_64-suse-linux/7/liblto_plugin.so -plugin-opt=/usr/lib64/gcc/x86_64-suse-linux/7/lto-wrapper -plugin-opt=-fresolution=/tmp/ccJGW6Ua.res -plugin-opt=-pass-through=-lgcc_s -plugin-opt=-pass-through=-lgcc -plugin-opt=-pass-through=-lc -plugin-opt=-pass-through=-lgcc_s -plugin-opt=-pass-through=-lgcc --build-id --eh-frame-hdr -m elf_x86_64 -export-dynamic -dynamic-linker /lib64/ld-linux-x86-64.so.2 -o cmTC_78ecf /usr/lib64/gcc/x86_64-suse-linux/7/../../../../lib64/crt1.o /usr/lib64/gcc/x86_64-suse-linux/7/../../../../lib64/crti.o /usr/lib64/gcc/x86_64-suse-linux/7/crtbegin.o -L/work/software/cudnn/8.0/11.0/lib64/../lib64 -L/usr/lib64/gcc/x86_64-suse-linux/7 -L/usr/lib64/gcc/x86_64-suse-linux/7/../../../../lib64 -L/lib/../lib64 -L/usr/lib/../lib64 -L/work/software/cudnn/8.0/11.0/lib64 -L/work/software/cuda/11.0/lib64 -L/usr/lib64/gcc/x86_64-suse-linux/7/../../../../x86_64-suse-linux/lib -L/usr/lib64/gcc/x86_64-suse-linux/7/../../.. CMakeFiles/cmTC_78ecf.dir/CMakeCXXCompilerABI.cpp.o -lstdc++ -lm -lgcc_s -lgcc -lc -lgcc_s -lgcc /usr/lib64/gcc/x86_64-suse-linux/7/crtend.o /usr/lib64/gcc/x86_64-suse-linux/7/../../../../lib64/crtn.o]
    arg [/usr/lib64/gcc/x86_64-suse-linux/7/collect2] ==> ignore
    arg [-plugin] ==> ignore
    arg [/usr/lib64/gcc/x86_64-suse-linux/7/liblto_plugin.so] ==> ignore
    arg [-plugin-opt=/usr/lib64/gcc/x86_64-suse-linux/7/lto-wrapper] ==> ignore
    arg [-plugin-opt=-fresolution=/tmp/ccJGW6Ua.res] ==> ignore
    arg [-plugin-opt=-pass-through=-lgcc_s] ==> ignore
    arg [-plugin-opt=-pass-through=-lgcc] ==> ignore
    arg [-plugin-opt=-pass-through=-lc] ==> ignore
    arg [-plugin-opt=-pass-through=-lgcc_s] ==> ignore
    arg [-plugin-opt=-pass-through=-lgcc] ==> ignore
    arg [--build-id] ==> ignore
    arg [--eh-frame-hdr] ==> ignore
    arg [-m] ==> ignore
    arg [elf_x86_64] ==> ignore
    arg [-export-dynamic] ==> ignore
    arg [-dynamic-linker] ==> ignore
    arg [/lib64/ld-linux-x86-64.so.2] ==> ignore
    arg [-o] ==> ignore
    arg [cmTC_78ecf] ==> ignore
    arg [/usr/lib64/gcc/x86_64-suse-linux/7/../../../../lib64/crt1.o] ==> ignore
    arg [/usr/lib64/gcc/x86_64-suse-linux/7/../../../../lib64/crti.o] ==> ignore
    arg [/usr/lib64/gcc/x86_64-suse-linux/7/crtbegin.o] ==> ignore
    arg [-L/work/software/cudnn/8.0/11.0/lib64/../lib64] ==> dir [/work/software/cudnn/8.0/11.0/lib64/../lib64]
    arg [-L/usr/lib64/gcc/x86_64-suse-linux/7] ==> dir [/usr/lib64/gcc/x86_64-suse-linux/7]
    arg [-L/usr/lib64/gcc/x86_64-suse-linux/7/../../../../lib64] ==> dir [/usr/lib64/gcc/x86_64-suse-linux/7/../../../../lib64]
    arg [-L/lib/../lib64] ==> dir [/lib/../lib64]
    arg [-L/usr/lib/../lib64] ==> dir [/usr/lib/../lib64]
    arg [-L/work/software/cudnn/8.0/11.0/lib64] ==> dir [/work/software/cudnn/8.0/11.0/lib64]
    arg [-L/work/software/cuda/11.0/lib64] ==> dir [/work/software/cuda/11.0/lib64]
    arg [-L/usr/lib64/gcc/x86_64-suse-linux/7/../../../../x86_64-suse-linux/lib] ==> dir [/usr/lib64/gcc/x86_64-suse-linux/7/../../../../x86_64-suse-linux/lib]
    arg [-L/usr/lib64/gcc/x86_64-suse-linux/7/../../..] ==> dir [/usr/lib64/gcc/x86_64-suse-linux/7/../../..]
    arg [CMakeFiles/cmTC_78ecf.dir/CMakeCXXCompilerABI.cpp.o] ==> ignore
    arg [-lstdc++] ==> lib [stdc++]
    arg [-lm] ==> lib [m]
    arg [-lgcc_s] ==> lib [gcc_s]
    arg [-lgcc] ==> lib [gcc]
    arg [-lc] ==> lib [c]
    arg [-lgcc_s] ==> lib [gcc_s]
    arg [-lgcc] ==> lib [gcc]
    arg [/usr/lib64/gcc/x86_64-suse-linux/7/crtend.o] ==> ignore
    arg [/usr/lib64/gcc/x86_64-suse-linux/7/../../../../lib64/crtn.o] ==> ignore
  collapse library dir [/work/software/cudnn/8.0/11.0/lib64/../lib64] ==> [/work/software/cudnn/8.0/11.0/lib64]
  collapse library dir [/usr/lib64/gcc/x86_64-suse-linux/7] ==> [/usr/lib64/gcc/x86_64-suse-linux/7]
  collapse library dir [/usr/lib64/gcc/x86_64-suse-linux/7/../../../../lib64] ==> [/usr/lib64]
  collapse library dir [/lib/../lib64] ==> [/lib64]
  collapse library dir [/usr/lib/../lib64] ==> [/usr/lib64]
  collapse library dir [/work/software/cudnn/8.0/11.0/lib64] ==> [/work/software/cudnn/8.0/11.0/lib64]
  collapse library dir [/work/software/cuda/11.0/lib64] ==> [/work/software/cuda/11.0/lib64]
  collapse library dir [/usr/lib64/gcc/x86_64-suse-linux/7/../../../../x86_64-suse-linux/lib] ==> [/usr/x86_64-suse-linux/lib]
  collapse library dir [/usr/lib64/gcc/x86_64-suse-linux/7/../../..] ==> [/usr/lib64]
  implicit libs: [stdc++;m;gcc_s;gcc;c;gcc_s;gcc]
  implicit dirs: [/work/software/cudnn/8.0/11.0/lib64;/usr/lib64/gcc/x86_64-suse-linux/7;/usr/lib64;/lib64;/work/software/cuda/11.0/lib64;/usr/x86_64-suse-linux/lib]
  implicit fwks: []


Determining if the include file pthread.h exists passed with the following output:
Change Dir: /scratch/gpi/seis/HEX/GpuFit/Gpufit/Gpufit/CMakeFiles/CMakeTmp

Run Build Command(s):/usr/bin/gmake cmTC_c2da1/fast && /usr/bin/gmake -f CMakeFiles/cmTC_c2da1.dir/build.make CMakeFiles/cmTC_c2da1.dir/build
gmake[1]: Entering directory '/scratch/gpi/seis/HEX/GpuFit/Gpufit/Gpufit/CMakeFiles/CMakeTmp'
Building C object CMakeFiles/cmTC_c2da1.dir/CheckIncludeFile.c.o
/usr/lib/hpc/compiler/gnu/7/bin/cc   -fPIC    -o CMakeFiles/cmTC_c2da1.dir/CheckIncludeFile.c.o   -c /scratch/gpi/seis/HEX/GpuFit/Gpufit/Gpufit/CMakeFiles/CMakeTmp/CheckIncludeFile.c
Linking C executable cmTC_c2da1
/usr/bin/cmake -E cmake_link_script CMakeFiles/cmTC_c2da1.dir/link.txt --verbose=1
/usr/lib/hpc/compiler/gnu/7/bin/cc -fPIC     -rdynamic CMakeFiles/cmTC_c2da1.dir/CheckIncludeFile.c.o  -o cmTC_c2da1 
gmake[1]: Leaving directory '/scratch/gpi/seis/HEX/GpuFit/Gpufit/Gpufit/CMakeFiles/CMakeTmp'



Determining if the function pthread_create exists in the pthread passed with the following output:
Change Dir: /scratch/gpi/seis/HEX/GpuFit/Gpufit/Gpufit/CMakeFiles/CMakeTmp

Run Build Command(s):/usr/bin/gmake cmTC_fd1a4/fast && /usr/bin/gmake -f CMakeFiles/cmTC_fd1a4.dir/build.make CMakeFiles/cmTC_fd1a4.dir/build
gmake[1]: Entering directory '/scratch/gpi/seis/HEX/GpuFit/Gpufit/Gpufit/CMakeFiles/CMakeTmp'
Building C object CMakeFiles/cmTC_fd1a4.dir/CheckFunctionExists.c.o
/usr/lib/hpc/compiler/gnu/7/bin/cc   -fPIC -DCHECK_FUNCTION_EXISTS=pthread_create   -o CMakeFiles/cmTC_fd1a4.dir/CheckFunctionExists.c.o   -c /usr/share/cmake/Modules/CheckFunctionExists.c
Linking C executable cmTC_fd1a4
/usr/bin/cmake -E cmake_link_script CMakeFiles/cmTC_fd1a4.dir/link.txt --verbose=1
/usr/lib/hpc/compiler/gnu/7/bin/cc -fPIC -DCHECK_FUNCTION_EXISTS=pthread_create    -rdynamic CMakeFiles/cmTC_fd1a4.dir/CheckFunctionExists.c.o  -o cmTC_fd1a4  -lpthread 
gmake[1]: Leaving directory '/scratch/gpi/seis/HEX/GpuFit/Gpufit/Gpufit/CMakeFiles/CMakeTmp'



