Performing C SOURCE FILE Test CMAKE_HAVE_LIBC_PTHREAD failed with the following output:
Change Dir: /scratch/gpi/seis/HEX/GpuFit/Gpufit/Gpufit/CMakeFiles/CMakeTmp

Run Build Command(s):/usr/bin/gmake cmTC_35519/fast && /usr/bin/gmake -f CMakeFiles/cmTC_35519.dir/build.make CMakeFiles/cmTC_35519.dir/build
gmake[1]: Entering directory '/scratch/gpi/seis/HEX/GpuFit/Gpufit/Gpufit/CMakeFiles/CMakeTmp'
Building C object CMakeFiles/cmTC_35519.dir/src.c.o
/usr/lib/hpc/compiler/gnu/7/bin/cc   -fPIC -DCMAKE_HAVE_LIBC_PTHREAD   -o CMakeFiles/cmTC_35519.dir/src.c.o   -c /scratch/gpi/seis/HEX/GpuFit/Gpufit/Gpufit/CMakeFiles/CMakeTmp/src.c
Linking C executable cmTC_35519
/usr/bin/cmake -E cmake_link_script CMakeFiles/cmTC_35519.dir/link.txt --verbose=1
/usr/lib/hpc/compiler/gnu/7/bin/cc -fPIC -DCMAKE_HAVE_LIBC_PTHREAD    -rdynamic CMakeFiles/cmTC_35519.dir/src.c.o  -o cmTC_35519 
/usr/lib64/gcc/x86_64-suse-linux/7/../../../../x86_64-suse-linux/bin/ld: CMakeFiles/cmTC_35519.dir/src.c.o: in function `main':
src.c:(.text+0x2f): undefined reference to `pthread_create'
/usr/lib64/gcc/x86_64-suse-linux/7/../../../../x86_64-suse-linux/bin/ld: src.c:(.text+0x3b): undefined reference to `pthread_detach'
/usr/lib64/gcc/x86_64-suse-linux/7/../../../../x86_64-suse-linux/bin/ld: src.c:(.text+0x47): undefined reference to `pthread_cancel'
/usr/lib64/gcc/x86_64-suse-linux/7/../../../../x86_64-suse-linux/bin/ld: src.c:(.text+0x58): undefined reference to `pthread_join'
collect2: error: ld returned 1 exit status
gmake[1]: *** [CMakeFiles/cmTC_35519.dir/build.make:104: cmTC_35519] Error 1
gmake[1]: Leaving directory '/scratch/gpi/seis/HEX/GpuFit/Gpufit/Gpufit/CMakeFiles/CMakeTmp'
gmake: *** [Makefile:138: cmTC_35519/fast] Error 2


Source file was:
#include <pthread.h>

void* test_func(void* data)
{
  return data;
}

int main(void)
{
  pthread_t thread;
  pthread_create(&thread, NULL, test_func, NULL);
  pthread_detach(thread);
  pthread_cancel(thread);
  pthread_join(thread, NULL);
  pthread_atfork(NULL, NULL, NULL);
  pthread_exit(NULL);

  return 0;
}

Determining if the function pthread_create exists in the pthreads failed with the following output:
Change Dir: /scratch/gpi/seis/HEX/GpuFit/Gpufit/Gpufit/CMakeFiles/CMakeTmp

Run Build Command(s):/usr/bin/gmake cmTC_d999f/fast && /usr/bin/gmake -f CMakeFiles/cmTC_d999f.dir/build.make CMakeFiles/cmTC_d999f.dir/build
gmake[1]: Entering directory '/scratch/gpi/seis/HEX/GpuFit/Gpufit/Gpufit/CMakeFiles/CMakeTmp'
Building C object CMakeFiles/cmTC_d999f.dir/CheckFunctionExists.c.o
/usr/lib/hpc/compiler/gnu/7/bin/cc   -fPIC -DCHECK_FUNCTION_EXISTS=pthread_create   -o CMakeFiles/cmTC_d999f.dir/CheckFunctionExists.c.o   -c /usr/share/cmake/Modules/CheckFunctionExists.c
Linking C executable cmTC_d999f
/usr/bin/cmake -E cmake_link_script CMakeFiles/cmTC_d999f.dir/link.txt --verbose=1
/usr/lib/hpc/compiler/gnu/7/bin/cc -fPIC -DCHECK_FUNCTION_EXISTS=pthread_create    -rdynamic CMakeFiles/cmTC_d999f.dir/CheckFunctionExists.c.o  -o cmTC_d999f  -lpthreads 
/usr/lib64/gcc/x86_64-suse-linux/7/../../../../x86_64-suse-linux/bin/ld: cannot find -lpthreads
collect2: error: ld returned 1 exit status
gmake[1]: *** [CMakeFiles/cmTC_d999f.dir/build.make:104: cmTC_d999f] Error 1
gmake[1]: Leaving directory '/scratch/gpi/seis/HEX/GpuFit/Gpufit/Gpufit/CMakeFiles/CMakeTmp'
gmake: *** [Makefile:138: cmTC_d999f/fast] Error 2



